[    41.398] (--) Log file renamed from "/home/ghaith/.local/share/xorg/Xorg.pid-1463.log" to "/home/ghaith/.local/share/xorg/Xorg.0.log"
[    41.401] 
X.Org X Server 1.20.8
X Protocol Version 11, Revision 0
[    41.401] Build Operating System: Linux 4.15.0-140-generic x86_64 Ubuntu
[    41.402] Current Operating System: Linux ubuntu 5.4.0-84-generic #94~18.04.1-Ubuntu SMP Thu Aug 26 23:17:46 UTC 2021 x86_64
[    41.402] Kernel command line: BOOT_IMAGE=/boot/vmlinuz-5.4.0-84-generic root=UUID=31125548-cd58-4006-997a-bb7d0c24d94a ro find_preseed=/preseed.cfg auto noprompt priority=critical locale=en_US quiet
[    41.402] Build Date: 08 April 2021  01:40:27PM
[    41.402] xorg-server-hwe-18.04 2:1.20.8-2ubuntu2.2~18.04.5 (For technical support please see http://www.ubuntu.com/support) 
[    41.403] Current version of pixman: 0.34.0
[    41.403] 	Before reporting problems, check http://wiki.x.org
	to make sure that you have the latest version.
[    41.403] Markers: (--) probed, (**) from config file, (==) default setting,
	(++) from command line, (!!) notice, (II) informational,
	(WW) warning, (EE) error, (NI) not implemented, (??) unknown.
[    41.403] (==) Log file: "/home/ghaith/.local/share/xorg/Xorg.0.log", Time: Thu Jan  6 10:26:41 2022
[    41.404] (==) Using system config directory "/usr/share/X11/xorg.conf.d"
[    41.406] (==) No Layout section.  Using the first Screen section.
[    41.406] (==) No screen section available. Using defaults.
[    41.406] (**) |-->Screen "Default Screen Section" (0)
[    41.407] (**) |   |-->Monitor "<default monitor>"
[    41.407] (==) No monitor specified for screen "Default Screen Section".
	Using a default monitor configuration.
[    41.407] (==) Automatically adding devices
[    41.407] (==) Automatically enabling devices
[    41.407] (==) Automatically adding GPU devices
[    41.407] (==) Automatically binding GPU devices
[    41.407] (==) Max clients allowed: 256, resource mask: 0x1fffff
[    41.407] (WW) The directory "/usr/share/fonts/X11/cyrillic" does not exist.
[    41.407] 	Entry deleted from font path.
[    41.408] (WW) The directory "/usr/share/fonts/X11/100dpi/" does not exist.
[    41.408] 	Entry deleted from font path.
[    41.408] (WW) The directory "/usr/share/fonts/X11/75dpi/" does not exist.
[    41.408] 	Entry deleted from font path.
[    41.408] (WW) The directory "/usr/share/fonts/X11/100dpi" does not exist.
[    41.408] 	Entry deleted from font path.
[    41.408] (WW) The directory "/usr/share/fonts/X11/75dpi" does not exist.
[    41.408] 	Entry deleted from font path.
[    41.408] (==) FontPath set to:
	/usr/share/fonts/X11/misc,
	/usr/share/fonts/X11/Type1,
	built-ins
[    41.408] (==) ModulePath set to "/usr/lib/xorg/modules"
[    41.408] (II) The server relies on udev to provide the list of input devices.
	If no devices become available, reconfigure udev or disable AutoAddDevices.
[    41.408] (II) Loader magic: 0x5617bdcd7020
[    41.408] (II) Module ABI versions:
[    41.408] 	X.Org ANSI C Emulation: 0.4
[    41.408] 	X.Org Video Driver: 24.1
[    41.408] 	X.Org XInput driver : 24.1
[    41.408] 	X.Org Server Extension : 10.0
[    41.410] (++) using VT number 2

[    41.413] (II) systemd-logind: took control of session /org/freedesktop/login1/session/_32
[    41.414] (II) xfree86: Adding drm device (/dev/dri/card0)
[    41.417] (II) systemd-logind: got fd for /dev/dri/card0 226:0 fd 12 paused 0
[    41.421] (--) PCI:*(0@0:15:0) 15ad:0405:15ad:0405 rev 0, Mem @ 0xe8000000/134217728, 0xfe000000/8388608, I/O @ 0x00001070/16, BIOS @ 0x????????/131072
[    41.421] (II) LoadModule: "glx"
[    41.422] (II) Loading /usr/lib/xorg/modules/extensions/libglx.so
[    41.431] (II) Module glx: vendor="X.Org Foundation"
[    41.431] 	compiled for 1.20.8, module version = 1.0.0
[    41.431] 	ABI class: X.Org Server Extension, version 10.0
[    41.431] (==) Matched vmware as autoconfigured driver 0
[    41.431] (==) Matched modesetting as autoconfigured driver 1
[    41.431] (==) Matched fbdev as autoconfigured driver 2
[    41.431] (==) Matched vesa as autoconfigured driver 3
[    41.432] (==) Assigned the driver to the xf86ConfigLayout
[    41.432] (II) LoadModule: "vmware"
[    41.432] (II) Loading /usr/lib/xorg/modules/drivers/vmware_drv.so
[    41.530] (II) Module vmware: vendor="X.Org Foundation"
[    41.530] 	compiled for 1.20.1, module version = 13.3.0
[    41.530] 	Module class: X.Org Video Driver
[    41.530] 	ABI class: X.Org Video Driver, version 24.0
[    41.530] (II) LoadModule: "modesetting"
[    41.530] (II) Loading /usr/lib/xorg/modules/drivers/modesetting_drv.so
[    41.534] (II) Module modesetting: vendor="X.Org Foundation"
[    41.535] 	compiled for 1.20.8, module version = 1.20.8
[    41.535] 	Module class: X.Org Video Driver
[    41.535] 	ABI class: X.Org Video Driver, version 24.1
[    41.535] (II) LoadModule: "fbdev"
[    41.535] (II) Loading /usr/lib/xorg/modules/drivers/fbdev_drv.so
[    41.536] (II) Module fbdev: vendor="X.Org Foundation"
[    41.536] 	compiled for 1.20.1, module version = 0.5.0
[    41.536] 	Module class: X.Org Video Driver
[    41.536] 	ABI class: X.Org Video Driver, version 24.0
[    41.536] (II) LoadModule: "vesa"
[    41.536] (II) Loading /usr/lib/xorg/modules/drivers/vesa_drv.so
[    41.537] (II) Module vesa: vendor="X.Org Foundation"
[    41.537] 	compiled for 1.20.1, module version = 2.4.0
[    41.538] 	Module class: X.Org Video Driver
[    41.538] 	ABI class: X.Org Video Driver, version 24.0
[    41.538] (II) vmware: driver for VMware SVGA: vmware0405, vmware0710
[    41.538] (II) modesetting: Driver for Modesetting Kernel Drivers: kms
[    41.538] (II) FBDEV: driver for framebuffer: fbdev
[    41.538] (II) VESA: driver for VESA chipsets: vesa
[    41.538] xf86EnableIOPorts: failed to set IOPL for I/O (Operation not permitted)
[    41.538] (WW) Falling back to old probe method for modesetting
[    41.539] (WW) Falling back to old probe method for fbdev
[    41.539] (II) Loading sub module "fbdevhw"
[    41.539] (II) LoadModule: "fbdevhw"
[    41.540] (II) Loading /usr/lib/xorg/modules/libfbdevhw.so
[    41.541] (II) Module fbdevhw: vendor="X.Org Foundation"
[    41.541] 	compiled for 1.20.8, module version = 0.0.2
[    41.541] 	ABI class: X.Org Video Driver, version 24.1
[    41.541] (EE) open /dev/fb0: Permission denied
[    41.541] (WW) VGA arbiter: cannot open kernel arbiter, no multi-card support
[    41.541] (II) vmware(0): Creating default Display subsection in Screen section
	"Default Screen Section" for depth/fbbpp 24/32
[    41.541] (--) vmware(0): DRM driver version is 2.15.0
[    41.541] (==) vmware(0): Depth 24, (--) framebuffer bpp 32
[    41.542] (==) vmware(0): RGB weight 888
[    41.542] (==) vmware(0): Default visual is TrueColor
[    41.542] (--) vmware(0): Min width 1, Max Width 16384.
[    41.542] (--) vmware(0): Min height 1, Max Height 16384.
[    41.543] (II) vmware(0): Output Virtual1 has no monitor section
[    41.543] (II) vmware(0): Output Virtual2 has no monitor section
[    41.543] (II) vmware(0): Output Virtual3 has no monitor section
[    41.543] (II) vmware(0): Output Virtual4 has no monitor section
[    41.543] (II) vmware(0): Output Virtual5 has no monitor section
[    41.543] (II) vmware(0): Output Virtual6 has no monitor section
[    41.543] (II) vmware(0): Output Virtual7 has no monitor section
[    41.544] (II) vmware(0): Output Virtual8 has no monitor section
[    41.544] (II) vmware(0): Printing probed modes for output Virtual1
[    41.544] (II) vmware(0): Modeline "800x600"x60.0   42.75  800 850 900 950  600 650 700 750 -hsync +vsync (45.0 kHz eP)
[    41.544] (II) vmware(0): Modeline "2560x1600"x60.0  348.50  2560 2752 3032 3504  1600 1603 1609 1658 -hsync +vsync (99.5 kHz e)
[    41.544] (II) vmware(0): Modeline "1920x1440"x60.0  234.00  1920 2048 2256 2600  1440 1441 1444 1500 -hsync +vsync (90.0 kHz e)
[    41.544] (II) vmware(0): Modeline "1856x1392"x60.0  218.25  1856 1952 2176 2528  1392 1393 1396 1439 -hsync +vsync (86.3 kHz e)
[    41.544] (II) vmware(0): Modeline "1792x1344"x60.0  204.75  1792 1920 2120 2448  1344 1345 1348 1394 -hsync +vsync (83.6 kHz e)
[    41.544] (II) vmware(0): Modeline "1920x1200"x59.9  193.25  1920 2056 2256 2592  1200 1203 1209 1245 -hsync +vsync (74.6 kHz e)
[    41.544] (II) vmware(0): Modeline "1600x1200"x60.0  162.00  1600 1664 1856 2160  1200 1201 1204 1250 +hsync +vsync (75.0 kHz e)
[    41.544] (II) vmware(0): Modeline "1680x1050"x60.0  146.25  1680 1784 1960 2240  1050 1053 1059 1089 -hsync +vsync (65.3 kHz e)
[    41.544] (II) vmware(0): Modeline "1400x1050"x60.0  121.75  1400 1488 1632 1864  1050 1053 1057 1089 -hsync +vsync (65.3 kHz e)
[    41.544] (II) vmware(0): Modeline "1280x1024"x60.0  108.00  1280 1328 1440 1688  1024 1025 1028 1066 +hsync +vsync (64.0 kHz e)
[    41.544] (II) vmware(0): Modeline "1440x900"x59.9  106.50  1440 1520 1672 1904  900 903 909 934 -hsync +vsync (55.9 kHz e)
[    41.544] (II) vmware(0): Modeline "1280x960"x60.0  108.00  1280 1376 1488 1800  960 961 964 1000 +hsync +vsync (60.0 kHz e)
[    41.544] (II) vmware(0): Modeline "1360x768"x60.0   85.50  1360 1424 1536 1792  768 771 777 795 +hsync +vsync (47.7 kHz e)
[    41.545] (II) vmware(0): Modeline "1280x800"x59.8   83.50  1280 1352 1480 1680  800 803 809 831 +hsync -vsync (49.7 kHz e)
[    41.545] (II) vmware(0): Modeline "1152x864"x75.0  108.00  1152 1216 1344 1600  864 865 868 900 +hsync +vsync (67.5 kHz e)
[    41.545] (II) vmware(0): Modeline "1280x768"x59.9   79.50  1280 1344 1472 1664  768 771 778 798 -hsync +vsync (47.8 kHz e)
[    41.545] (II) vmware(0): Modeline "1024x768"x60.0   65.00  1024 1048 1184 1344  768 771 777 806 -hsync -vsync (48.4 kHz e)
[    41.545] (II) vmware(0): Modeline "800x600"x60.3   40.00  800 840 968 1056  600 601 605 628 +hsync +vsync (37.9 kHz e)
[    41.545] (II) vmware(0): Modeline "640x480"x59.9   25.18  640 656 752 800  480 489 492 525 -hsync -vsync (31.5 kHz e)
[    41.545] (II) vmware(0): EDID for output Virtual2
[    41.545] (II) vmware(0): EDID for output Virtual3
[    41.545] (II) vmware(0): EDID for output Virtual4
[    41.545] (II) vmware(0): EDID for output Virtual5
[    41.545] (II) vmware(0): EDID for output Virtual6
[    41.545] (II) vmware(0): EDID for output Virtual7
[    41.545] (II) vmware(0): EDID for output Virtual8
[    41.545] (II) vmware(0): Output Virtual1 connected
[    41.545] (II) vmware(0): Output Virtual2 disconnected
[    41.545] (II) vmware(0): Output Virtual3 disconnected
[    41.545] (II) vmware(0): Output Virtual4 disconnected
[    41.546] (II) vmware(0): Output Virtual5 disconnected
[    41.546] (II) vmware(0): Output Virtual6 disconnected
[    41.546] (II) vmware(0): Output Virtual7 disconnected
[    41.546] (II) vmware(0): Output Virtual8 disconnected
[    41.546] (II) vmware(0): Using exact sizes for initial modes
[    41.546] (II) vmware(0): Output Virtual1 using initial mode 800x600 +0+0
[    41.546] (==) vmware(0): DPI set to (96, 96)
[    41.546] (==) vmware(0): Using gamma correction (1.0, 1.0, 1.0)
[    41.546] (II) Loading sub module "fb"
[    41.546] (II) LoadModule: "fb"
[    41.546] (II) Loading /usr/lib/xorg/modules/libfb.so
[    41.549] (II) Module fb: vendor="X.Org Foundation"
[    41.549] 	compiled for 1.20.8, module version = 1.0.0
[    41.549] 	ABI class: X.Org ANSI C Emulation, version 0.4
[    41.549] (II) Loading sub module "dri2"
[    41.549] (II) LoadModule: "dri2"
[    41.549] (II) Module "dri2" already built-in
[    41.549] (II) Loading sub module "dri3"
[    41.549] (II) LoadModule: "dri3"
[    41.549] (II) Module "dri3" already built-in
[    41.549] (II) UnloadModule: "modesetting"
[    41.549] (II) Unloading modesetting
[    41.550] (II) UnloadModule: "fbdev"
[    41.550] (II) Unloading fbdev
[    41.550] (II) UnloadSubModule: "fbdevhw"
[    41.550] (II) Unloading fbdevhw
[    41.550] (II) UnloadModule: "vesa"
[    41.550] (II) Unloading vesa
[    41.554] (II) vmware(0): Initialized VMWARE_CTRL extension version 0.2
[    41.627] (II) vmware(0): Gallium3D XA version: 2.5.0.
[    41.627] (II) vmware(0): Path of drm device is "/dev/dri/card0".
[    41.627] (II) vmware(0): [DRI2] Setup complete
[    41.627] (II) vmware(0): [DRI2]   DRI driver: vmwgfx
[    42.347] (--) vmware(0): Render acceleration is enabled.
[    42.347] (==) vmware(0): Rendercheck mode is disabled.
[    42.347] (--) vmware(0): Direct rendering (DRI2 3D) is enabled.
[    42.347] (--) vmware(0): Direct rendering (DRI3 3D) is enabled.
[    42.347] (==) vmware(0): Direct presents are disabled.
[    42.347] (==) vmware(0): Hardware only presents are automatic per scanout.
[    42.347] (==) vmware(0): Backing store enabled
[    42.347] (==) vmware(0): Silken mouse enabled
[    42.349] (==) vmware(0): DPMS enabled
[    42.350] (II) Initializing extension Generic Event Extension
[    42.350] (II) Initializing extension SHAPE
[    42.350] (II) Initializing extension MIT-SHM
[    42.350] (II) Initializing extension XInputExtension
[    42.353] (II) Initializing extension XTEST
[    42.354] (II) Initializing extension BIG-REQUESTS
[    42.354] (II) Initializing extension SYNC
[    42.354] (II) Initializing extension XKEYBOARD
[    42.354] (II) Initializing extension XC-MISC
[    42.355] (II) Initializing extension SECURITY
[    42.355] (II) Initializing extension XFIXES
[    42.355] (II) Initializing extension RENDER
[    42.355] (II) Initializing extension RANDR
[    42.356] (II) Initializing extension COMPOSITE
[    42.356] (II) Initializing extension DAMAGE
[    42.356] (II) Initializing extension MIT-SCREEN-SAVER
[    42.356] (II) Initializing extension DOUBLE-BUFFER
[    42.356] (II) Initializing extension RECORD
[    42.357] (II) Initializing extension DPMS
[    42.357] (II) Initializing extension Present
[    42.357] (II) Initializing extension DRI3
[    42.357] (II) Initializing extension X-Resource
[    42.357] (II) Initializing extension XVideo
[    42.358] (II) Initializing extension XVideo-MotionCompensation
[    42.358] (II) Initializing extension SELinux
[    42.358] (II) SELinux: Disabled on system
[    42.358] (II) Initializing extension GLX
[    42.371] (II) AIGLX: Loaded and initialized vmwgfx
[    42.371] (II) GLX: Initialized DRI2 GL provider for screen 0
[    42.371] (II) Initializing extension XFree86-VidModeExtension
[    42.371] (II) Initializing extension XFree86-DGA
[    42.372] (II) Initializing extension XFree86-DRI
[    42.372] (II) Initializing extension DRI2
[    42.386] (II) vmware(0): Setting screen physical size to 211 x 158
[    42.444] (II) config/udev: Adding input device Power Button (/dev/input/event0)
[    42.444] (**) Power Button: Applying InputClass "libinput keyboard catchall"
[    42.444] (II) LoadModule: "libinput"
[    42.444] (II) Loading /usr/lib/xorg/modules/input/libinput_drv.so
[    42.446] (II) Module libinput: vendor="X.Org Foundation"
[    42.446] 	compiled for 1.20.1, module version = 0.28.1
[    42.446] 	Module class: X.Org XInput Driver
[    42.446] 	ABI class: X.Org XInput driver, version 24.1
[    42.446] (II) Using input driver 'libinput' for 'Power Button'
[    42.456] (II) systemd-logind: got fd for /dev/input/event0 13:64 fd 24 paused 0
[    42.456] (**) Power Button: always reports core events
[    42.456] (**) Option "Device" "/dev/input/event0"
[    42.456] (**) Option "_source" "server/udev"
[    42.457] (II) event0  - Power Button: is tagged by udev as: Keyboard
[    42.457] (II) event0  - Power Button: device is a keyboard
[    42.457] (II) event0  - Power Button: device removed
[    42.457] (**) Option "config_info" "udev:/sys/devices/LNXSYSTM:00/LNXPWRBN:00/input/input0/event0"
[    42.457] (II) XINPUT: Adding extended input device "Power Button" (type: KEYBOARD, id 6)
[    42.457] (**) Option "xkb_model" "SKIP"
[    42.457] (**) Option "xkb_layout" "us"
[    42.506] (II) event0  - Power Button: is tagged by udev as: Keyboard
[    42.507] (II) event0  - Power Button: device is a keyboard
[    42.507] (II) config/udev: Adding input device VMware VMware Virtual USB Mouse (/dev/input/event4)
[    42.507] (**) VMware VMware Virtual USB Mouse: Applying InputClass "libinput pointer catchall"
[    42.507] (II) Using input driver 'libinput' for 'VMware VMware Virtual USB Mouse'
[    42.578] (II) systemd-logind: got fd for /dev/input/event4 13:68 fd 27 paused 0
[    42.578] (**) VMware VMware Virtual USB Mouse: always reports core events
[    42.578] (**) Option "Device" "/dev/input/event4"
[    42.578] (**) Option "_source" "server/udev"
[    42.578] (II) event4  - VMware VMware Virtual USB Mouse: is tagged by udev as: Mouse
[    42.578] (II) event4  - VMware VMware Virtual USB Mouse: device is a pointer
[    42.578] (II) event4  - VMware VMware Virtual USB Mouse: device removed
[    42.579] (**) Option "config_info" "udev:/sys/devices/pci0000:00/0000:00:11.0/0000:02:00.0/usb2/2-1/2-1:1.0/0003:0E0F:0003.0001/input/input5/event4"
[    42.579] (II) XINPUT: Adding extended input device "VMware VMware Virtual USB Mouse" (type: MOUSE, id 7)
[    42.579] (**) Option "AccelerationScheme" "none"
[    42.579] (**) VMware VMware Virtual USB Mouse: (accel) selected scheme none/0
[    42.579] (**) VMware VMware Virtual USB Mouse: (accel) acceleration factor: 2.000
[    42.579] (**) VMware VMware Virtual USB Mouse: (accel) acceleration threshold: 4
[    42.580] (II) event4  - VMware VMware Virtual USB Mouse: is tagged by udev as: Mouse
[    42.580] (II) event4  - VMware VMware Virtual USB Mouse: device is a pointer
[    42.581] (II) config/udev: Adding input device VMware VMware Virtual USB Mouse (/dev/input/mouse2)
[    42.582] (II) No input driver specified, ignoring this device.
[    42.582] (II) This device may have been added with another device file.
[    42.582] (II) config/udev: Adding input device AT Translated Set 2 keyboard (/dev/input/event1)
[    42.582] (**) AT Translated Set 2 keyboard: Applying InputClass "libinput keyboard catchall"
[    42.582] (II) Using input driver 'libinput' for 'AT Translated Set 2 keyboard'
[    42.583] (II) systemd-logind: got fd for /dev/input/event1 13:65 fd 28 paused 0
[    42.584] (**) AT Translated Set 2 keyboard: always reports core events
[    42.584] (**) Option "Device" "/dev/input/event1"
[    42.584] (**) Option "_source" "server/udev"
[    42.586] (II) event1  - AT Translated Set 2 keyboard: is tagged by udev as: Keyboard
[    42.586] (II) event1  - AT Translated Set 2 keyboard: device is a keyboard
[    42.586] (II) event1  - AT Translated Set 2 keyboard: device removed
[    42.586] (**) Option "config_info" "udev:/sys/devices/platform/i8042/serio0/input/input1/event1"
[    42.586] (II) XINPUT: Adding extended input device "AT Translated Set 2 keyboard" (type: KEYBOARD, id 8)
[    42.586] (**) Option "xkb_model" "SKIP"
[    42.586] (**) Option "xkb_layout" "us"
[    42.586] (II) event1  - AT Translated Set 2 keyboard: is tagged by udev as: Keyboard
[    42.587] (II) event1  - AT Translated Set 2 keyboard: device is a keyboard
[    42.587] (II) config/udev: Adding input device VirtualPS/2 VMware VMMouse (/dev/input/event3)
[    42.587] (**) VirtualPS/2 VMware VMMouse: Applying InputClass "libinput pointer catchall"
[    42.587] (II) Using input driver 'libinput' for 'VirtualPS/2 VMware VMMouse'
[    42.588] (II) systemd-logind: got fd for /dev/input/event3 13:67 fd 29 paused 0
[    42.589] (**) VirtualPS/2 VMware VMMouse: always reports core events
[    42.589] (**) Option "Device" "/dev/input/event3"
[    42.589] (**) Option "_source" "server/udev"
[    42.590] (II) event3  - VirtualPS/2 VMware VMMouse: is tagged by udev as: Mouse
[    42.590] (II) event3  - VirtualPS/2 VMware VMMouse: device is a pointer
[    42.590] (II) event3  - VirtualPS/2 VMware VMMouse: device removed
[    42.591] (**) Option "config_info" "udev:/sys/devices/platform/i8042/serio1/input/input3/event3"
[    42.591] (II) XINPUT: Adding extended input device "VirtualPS/2 VMware VMMouse" (type: MOUSE, id 9)
[    42.591] (**) Option "AccelerationScheme" "none"
[    42.591] (**) VirtualPS/2 VMware VMMouse: (accel) selected scheme none/0
[    42.591] (**) VirtualPS/2 VMware VMMouse: (accel) acceleration factor: 2.000
[    42.591] (**) VirtualPS/2 VMware VMMouse: (accel) acceleration threshold: 4
[    42.591] (II) event3  - VirtualPS/2 VMware VMMouse: is tagged by udev as: Mouse
[    42.591] (II) event3  - VirtualPS/2 VMware VMMouse: device is a pointer
[    42.592] (II) config/udev: Adding input device VirtualPS/2 VMware VMMouse (/dev/input/mouse1)
[    42.592] (II) No input driver specified, ignoring this device.
[    42.592] (II) This device may have been added with another device file.
[    42.593] (II) config/udev: Adding input device VirtualPS/2 VMware VMMouse (/dev/input/event2)
[    42.593] (**) VirtualPS/2 VMware VMMouse: Applying InputClass "libinput pointer catchall"
[    42.593] (II) Using input driver 'libinput' for 'VirtualPS/2 VMware VMMouse'
[    42.594] (II) systemd-logind: got fd for /dev/input/event2 13:66 fd 30 paused 0
[    42.594] (**) VirtualPS/2 VMware VMMouse: always reports core events
[    42.595] (**) Option "Device" "/dev/input/event2"
[    42.595] (**) Option "_source" "server/udev"
[    42.595] (II) event2  - VirtualPS/2 VMware VMMouse: is tagged by udev as: Mouse
[    42.596] (II) event2  - VirtualPS/2 VMware VMMouse: device is a pointer
[    42.596] (II) event2  - VirtualPS/2 VMware VMMouse: device removed
[    42.596] (**) Option "config_info" "udev:/sys/devices/platform/i8042/serio1/input/input4/event2"
[    42.596] (II) XINPUT: Adding extended input device "VirtualPS/2 VMware VMMouse" (type: MOUSE, id 10)
[    42.597] (**) Option "AccelerationScheme" "none"
[    42.597] (**) VirtualPS/2 VMware VMMouse: (accel) selected scheme none/0
[    42.597] (**) VirtualPS/2 VMware VMMouse: (accel) acceleration factor: 2.000
[    42.597] (**) VirtualPS/2 VMware VMMouse: (accel) acceleration threshold: 4
[    42.598] (II) event2  - VirtualPS/2 VMware VMMouse: is tagged by udev as: Mouse
[    42.598] (II) event2  - VirtualPS/2 VMware VMMouse: device is a pointer
[    42.598] (II) config/udev: Adding input device VirtualPS/2 VMware VMMouse (/dev/input/mouse0)
[    42.598] (II) No input driver specified, ignoring this device.
[    42.598] (II) This device may have been added with another device file.
